<?xml version="1.0" encoding="UTF-8"?>
<!-- Generated by org.testng.reporters.JUnitReportReporter -->
<testsuite skipped="0" hostname="Air-ILIA" name="tests.TestExample" tests="2" failures="0" timestamp="14 Oct 2020 05:24:25 GMT" time="0.324" errors="0">
  <testcase name="test01" time="0.317" classname="tests.TestExample"/>
  <testcase name="test02" time="0.007" classname="tests.TestExample"/>
</testsuite> <!-- tests.TestExample -->
