<?xml version="1.0" encoding="UTF-8"?>
<!-- Generated by org.testng.reporters.JUnitReportReporter -->
<testsuite hostname="MacBook-Air-ILIA.local" failures="0" tests="6" name="tests.GoogleSearchTest" time="17.200" errors="0" timestamp="22 Oct 2020 02:31:00 GMT" skipped="0">
  <testcase classname="tests.GoogleSearchTest" name="tc_03_searchValue" time="1.788"/>
  <testcase classname="tests.GoogleSearchTest" name="tc_03_searchValue" time="7.792"/>
  <testcase classname="tests.GoogleSearchTest" name="tc_01_searchValue" time="1.850"/>
  <testcase classname="tests.GoogleSearchTest" name="tc_01_searchValue" time="1.927"/>
  <testcase classname="tests.GoogleSearchTest" name="tc_02_searchValue" time="1.816"/>
  <testcase classname="tests.GoogleSearchTest" name="tc_02_searchValue" time="2.027"/>
</testsuite> <!-- tests.GoogleSearchTest -->
