<?xml version="1.0" encoding="UTF-8"?>
<!-- Generated by org.testng.reporters.JUnitReportReporter -->
<testsuite skipped="0" hostname="Air-ILIA" name="tests.GoogleSearchTest" tests="6" failures="0" timestamp="23 Oct 2020 03:37:01 GMT" time="18.929" errors="0">
  <testcase name="tc_03_searchValue" time="2.817" classname="tests.GoogleSearchTest"/>
  <testcase name="tc_03_searchValue" time="5.696" classname="tests.GoogleSearchTest"/>
  <testcase name="tc_01_searchValue" time="2.315" classname="tests.GoogleSearchTest"/>
  <testcase name="tc_01_searchValue" time="2.883" classname="tests.GoogleSearchTest"/>
  <testcase name="tc_02_searchValue" time="3.265" classname="tests.GoogleSearchTest"/>
  <testcase name="tc_02_searchValue" time="1.953" classname="tests.GoogleSearchTest"/>
</testsuite> <!-- tests.GoogleSearchTest -->
